app/build/intermediates/manifest_merge_blame_file/debug/manifest-merger-blame-debug-report.txt
1<?xml version="1.0" encoding="utf-8"?>
2<manifest xmlns:android="http://schemas.android.com/apk/res/android"
3    xmlns:dist="http://schemas.android.com/apk/distribution"
4    package="com.tflite.DeteksipenyakittanamanMn"
5    android:versionCode="2"
6    android:versionName="2.0" >
7
8    <uses-sdk
9        android:minSdkVersion="15"
9-->src\main\AndroidManifest.xml
10        android:targetSdkVersion="28" />
10-->src\main\AndroidManifest.xml
11
12    <dist:module dist:instant="true" />
12-->src\main\AndroidManifest.xml:6:5-39
12-->src\main\AndroidManifest.xml:6:18-37
13
14    <uses-permission android:name="android.permission.CAMERA" />
14-->src\main\AndroidManifest.xml:8:5-65
14-->src\main\AndroidManifest.xml:8:22-62
15    <uses-permission android:name="android.permission.WRITE_EXTERNAL_STORAGE" />
15-->src\main\AndroidManifest.xml:9:5-81
15-->src\main\AndroidManifest.xml:9:22-78
16    <uses-permission android:name="android.permission.READ_EXTERNAL_STORAGE" />
16-->src\main\AndroidManifest.xml:10:5-80
16-->src\main\AndroidManifest.xml:10:22-77
17    <uses-permission android:name="android.permission.WRITE_INTERNAL_STORAGE" />
17-->src\main\AndroidManifest.xml:11:5-81
17-->src\main\AndroidManifest.xml:11:22-78
18    <uses-permission android:name="android.permission.READ_INTERNAL_STORAGE" />
18-->src\main\AndroidManifest.xml:12:5-80
18-->src\main\AndroidManifest.xml:12:22-77
19
20    <uses-feature android:name="android.hardware.camera" />
20-->src\main\AndroidManifest.xml:13:5-60
20-->src\main\AndroidManifest.xml:13:19-57
21    <uses-feature android:name="android.hardware.camera.autofocus" />
21-->src\main\AndroidManifest.xml:14:5-70
21-->src\main\AndroidManifest.xml:14:19-67
22
23    <!-- <uses-feature android:name="android.hardware.camera.flash" /> -->
24
25    <uses-permission android:name="android.permission.FLASHLIGHT" />
25-->src\main\AndroidManifest.xml:18:5-68
25-->src\main\AndroidManifest.xml:18:22-66
26    <uses-permission android:name="android.permission.RECORD_AUDIO" />
26-->[com.priyankvasa.android:cameraview-ex:3.5.1-alpha] AndroidManifest.xml:24:5-71
26-->[com.priyankvasa.android:cameraview-ex:3.5.1-alpha] AndroidManifest.xml:24:22-68
27
28    <uses-feature
28-->[com.priyankvasa.android:cameraview-ex:3.5.1-alpha] AndroidManifest.xml:32:5-34:36
29        android:name="android.hardware.camera2"
29-->[com.priyankvasa.android:cameraview-ex:3.5.1-alpha] AndroidManifest.xml:33:9-48
30        android:required="false" />
30-->[com.priyankvasa.android:cameraview-ex:3.5.1-alpha] AndroidManifest.xml:34:9-33
31
32    <application
32-->src\main\AndroidManifest.xml:20:5-51:19
33        android:allowBackup="true"
33-->src\main\AndroidManifest.xml:21:9-35
34        android:appComponentFactory="androidx.core.app.CoreComponentFactory"
34-->[androidx.core:core:1.1.0] AndroidManifest.xml:24:18-86
35        android:debuggable="true"
36        android:icon="@mipmap/icon"
36-->src\main\AndroidManifest.xml:22:9-36
37        android:label="@string/app_name"
37-->src\main\AndroidManifest.xml:23:9-41
38        android:roundIcon="@mipmap/icon"
38-->src\main\AndroidManifest.xml:24:9-41
39        android:supportsRtl="true"
39-->src\main\AndroidManifest.xml:25:9-35
40        android:testOnly="true"
41        android:theme="@style/AppTheme" >
41-->src\main\AndroidManifest.xml:26:9-40
42        <activity
42-->src\main\AndroidManifest.xml:28:9-38:20
43            android:name="com.tflite.DeteksipenyakittanamanMn.SplashScreen"
43-->src\main\AndroidManifest.xml:28:19-82
44            android:label="@string/app_name"
44-->src\main\AndroidManifest.xml:29:13-45
45            android:noHistory="true"
45-->src\main\AndroidManifest.xml:30:13-37
46            android:screenOrientation="portrait"
46-->src\main\AndroidManifest.xml:31:13-49
47            android:theme="@style/AppThemeSplashScreen" >
47-->src\main\AndroidManifest.xml:32:13-56
48            <intent-filter>
48-->src\main\AndroidManifest.xml:33:13-37:29
49                <action android:name="android.intent.action.MAIN" />
49-->src\main\AndroidManifest.xml:34:17-69
49-->src\main\AndroidManifest.xml:34:25-66
50
51                <category android:name="android.intent.category.LAUNCHER" />
51-->src\main\AndroidManifest.xml:36:17-77
51-->src\main\AndroidManifest.xml:36:27-74
52            </intent-filter>
53        </activity>
54        <activity android:name="com.tflite.DeteksipenyakittanamanMn.Tentang" />
54-->src\main\AndroidManifest.xml:39:9-80
54-->src\main\AndroidManifest.xml:39:19-77
55        <activity android:name="com.tflite.DeteksipenyakittanamanMn.Bantuan" />
55-->src\main\AndroidManifest.xml:40:9-80
55-->src\main\AndroidManifest.xml:40:19-77
56        <activity
56-->src\main\AndroidManifest.xml:41:9-43:20
57            android:name="com.tflite.DeteksipenyakittanamanMn.DeteksiDariGaleri"
57-->src\main\AndroidManifest.xml:41:19-87
58            android:screenOrientation="portrait" >
58-->src\main\AndroidManifest.xml:42:13-49
59        </activity>
60        <activity
60-->src\main\AndroidManifest.xml:44:9-47:20
61            android:name="com.tflite.DeteksipenyakittanamanMn.Pendeteksi"
61-->src\main\AndroidManifest.xml:44:19-80
62            android:colorMode="wideColorGamut"
62-->src\main\AndroidManifest.xml:46:13-47
63            android:screenOrientation="portrait" >
63-->src\main\AndroidManifest.xml:45:13-49
64        </activity>
65        <activity
65-->src\main\AndroidManifest.xml:48:9-50:20
66            android:name="com.tflite.DeteksipenyakittanamanMn.MainActivity"
66-->src\main\AndroidManifest.xml:48:19-82
67            android:screenOrientation="portrait" >
67-->src\main\AndroidManifest.xml:49:13-49
68        </activity>
69    </application>
70
71</manifest>